# JRE version: OpenJDK Runtime Environment Temurin-21.0.10+7 (21.0.10+7) (build 21.0.10+7-LTS)
# Java VM: OpenJDK 64-Bit Server VM Temurin-21.0.10+7 (21.0.10+7-LTS, mixed mode, sharing, tiered, compressed oops, compressed class ptrs, parallel gc, windows-amd64)
GC Precious Log:
 CardTable entry size: 512
 CPUs: 8 total, 8 available
 Memory: 8040M
 Large Page Support: Disabled
 NUMA Support: Disabled
 Compressed Oops: Enabled (32-bit)
 Alignments: Space 512K, Generation 512K, Heap 2M
 Heap Min Capacity: 100M
 Heap Initial Capacity: 100M
 Heap Max Capacity: 2G
 Pre-touch: Disabled
 Parallel Workers: 8
Heap:
 PSYoungGen      total 5632K, used 5629K [0x00000000d5580000, 0x00000000d5c00000, 0x0000000100000000)
  eden space 5120K, 99% used [0x00000000d5580000,0x00000000d5a7f6e0,0x00000000d5a80000)
  from space 512K, 100% used [0x00000000d5b00000,0x00000000d5b80000,0x00000000d5b80000)
  to   space 512K, 0% used [0x00000000d5b80000,0x00000000d5b80000,0x00000000d5c00000)
 ParOldGen       total 183808K, used 183575K [0x0000000080000000, 0x000000008b380000, 0x00000000d5580000)
  object space 183808K, 99% used [0x0000000080000000,0x000000008b345e70,0x000000008b380000)
 Metaspace       used 74932K, committed 76416K, reserved 1179648K
  class space    used 7980K, committed 8576K, reserved 1048576K
GC Heap History (20 events):
Event: 205.399 GC heap before
{Heap before GC invocations=236 (full 3):
 PSYoungGen      total 6144K, used 5824K [0x00000000d5580000, 0x00000000d5c80000, 0x0000000100000000)
  eden space 5120K, 100% used [0x00000000d5580000,0x00000000d5a80000,0x00000000d5a80000)
  from space 1024K, 68% used [0x00000000d5b80000,0x00000000d5c30000,0x00000000d5c80000)
  to   space 1024K, 0% used [0x00000000d5a80000,0x00000000d5a80000,0x00000000d5b80000)
 ParOldGen       total 177664K, used 177599K [0x0000000080000000, 0x000000008ad80000, 0x00000000d5580000)
  object space 177664K, 99% used [0x0000000080000000,0x000000008ad6fcb0,0x000000008ad80000)
 Metaspace       used 74753K, committed 76288K, reserved 1179648K
  class space    used 7952K, committed 8576K, reserved 1048576K
}
Event: 205.403 GC heap after
{Heap after GC invocations=236 (full 3):
 PSYoungGen      total 6144K, used 591K [0x00000000d5580000, 0x00000000d5c80000, 0x0000000100000000)
  eden space 5120K, 0% used [0x00000000d5580000,0x00000000d5580000,0x00000000d5a80000)
  from space 1024K, 57% used [0x00000000d5a80000,0x00000000d5b13d68,0x00000000d5b80000)
  to   space 1024K, 0% used [0x00000000d5b80000,0x00000000d5b80000,0x00000000d5c80000)
 ParOldGen       total 178176K, used 178162K [0x0000000080000000, 0x000000008ae00000, 0x00000000d5580000)
  object space 178176K, 99% used [0x0000000080000000,0x000000008adfc9d0,0x000000008ae00000)
 Metaspace       used 74753K, committed 76288K, reserved 1179648K
  class space    used 7952K, committed 8576K, reserved 1048576K
}
Event: 205.418 GC heap before
{Heap before GC invocations=237 (full 3):
 PSYoungGen      total 6144K, used 5711K [0x00000000d5580000, 0x00000000d5c80000, 0x0000000100000000)
  eden space 5120K, 100% used [0x00000000d5580000,0x00000000d5a80000,0x00000000d5a80000)
  from space 1024K, 57% used [0x00000000d5a80000,0x00000000d5b13d68,0x00000000d5b80000)
  to   space 1024K, 0% used [0x00000000d5b80000,0x00000000d5b80000,0x00000000d5c80000)
 ParOldGen       total 178176K, used 178162K [0x0000000080000000, 0x000000008ae00000, 0x00000000d5580000)
  object space 178176K, 99% used [0x0000000080000000,0x000000008adfc9d0,0x000000008ae00000)
 Metaspace       used 74754K, committed 76288K, reserved 1179648K
  class space    used 7952K, committed 8576K, reserved 1048576K
}
Event: 205.421 GC heap after
{Heap after GC invocations=237 (full 3):
 PSYoungGen      total 6144K, used 563K [0x00000000d5580000, 0x00000000d5c80000, 0x0000000100000000)
  eden space 5120K, 0% used [0x00000000d5580000,0x00000000d5580000,0x00000000d5a80000)
  from space 1024K, 55% used [0x00000000d5b80000,0x00000000d5c0cf20,0x00000000d5c80000)
  to   space 1024K, 0% used [0x00000000d5a80000,0x00000000d5a80000,0x00000000d5b80000)
 ParOldGen       total 178688K, used 178581K [0x0000000080000000, 0x000000008ae80000, 0x00000000d5580000)
  object space 178688K, 99% used [0x0000000080000000,0x000000008ae65578,0x000000008ae80000)
 Metaspace       used 74754K, committed 76288K, reserved 1179648K
  class space    used 7952K, committed 8576K, reserved 1048576K
}
Event: 205.430 GC heap before
{Heap before GC invocations=238 (full 3):
 PSYoungGen      total 6144K, used 5683K [0x00000000d5580000, 0x00000000d5c80000, 0x0000000100000000)
  eden space 5120K, 100% used [0x00000000d5580000,0x00000000d5a80000,0x00000000d5a80000)
  from space 1024K, 55% used [0x00000000d5b80000,0x00000000d5c0cf20,0x00000000d5c80000)
  to   space 1024K, 0% used [0x00000000d5a80000,0x00000000d5a80000,0x00000000d5b80000)
 ParOldGen       total 178688K, used 178581K [0x0000000080000000, 0x000000008ae80000, 0x00000000d5580000)
  object space 178688K, 99% used [0x0000000080000000,0x000000008ae65578,0x000000008ae80000)
 Metaspace       used 74757K, committed 76288K, reserved 1179648K
  class space    used 7952K, committed 8576K, reserved 1048576K
}
Event: 205.433 GC heap after
{Heap after GC invocations=238 (full 3):
 PSYoungGen      total 6144K, used 464K [0x00000000d5580000, 0x00000000d5c00000, 0x0000000100000000)
  eden space 5120K, 0% used [0x00000000d5580000,0x00000000d5580000,0x00000000d5a80000)
  from space 1024K, 45% used [0x00000000d5a80000,0x00000000d5af4128,0x00000000d5b80000)
  to   space 512K, 0% used [0x00000000d5b80000,0x00000000d5b80000,0x00000000d5c00000)
 ParOldGen       total 179200K, used 179000K [0x0000000080000000, 0x000000008af00000, 0x00000000d5580000)
  object space 179200K, 99% used [0x0000000080000000,0x000000008aece368,0x000000008af00000)
 Metaspace       used 74757K, committed 76288K, reserved 1179648K
  class space    used 7952K, committed 8576K, reserved 1048576K
}
Event: 205.444 GC heap before
{Heap before GC invocations=239 (full 3):
 PSYoungGen      total 6144K, used 5584K [0x00000000d5580000, 0x00000000d5c00000, 0x0000000100000000)
  eden space 5120K, 100% used [0x00000000d5580000,0x00000000d5a80000,0x00000000d5a80000)
  from space 1024K, 45% used [0x00000000d5a80000,0x00000000d5af4128,0x00000000d5b80000)
  to   space 512K, 0% used [0x00000000d5b80000,0x00000000d5b80000,0x00000000d5c00000)
 ParOldGen       total 179200K, used 179000K [0x0000000080000000, 0x000000008af00000, 0x00000000d5580000)
  object space 179200K, 99% used [0x0000000080000000,0x000000008aece368,0x000000008af00000)
 Metaspace       used 74757K, committed 76288K, reserved 1179648K
  class space    used 7952K, committed 8576K, reserved 1048576K
}
Event: 205.446 GC heap after
{Heap after GC invocations=239 (full 3):
 PSYoungGen      total 5632K, used 496K [0x00000000d5580000, 0x00000000d5c80000, 0x0000000100000000)
  eden space 5120K, 0% used [0x00000000d5580000,0x00000000d5580000,0x00000000d5a80000)
  from space 512K, 96% used [0x00000000d5b80000,0x00000000d5bfc010,0x00000000d5c00000)
  to   space 1024K, 0% used [0x00000000d5a80000,0x00000000d5a80000,0x00000000d5b80000)
 ParOldGen       total 179712K, used 179274K [0x0000000080000000, 0x000000008af80000, 0x00000000d5580000)
  object space 179712K, 99% used [0x0000000080000000,0x000000008af12b30,0x000000008af80000)
 Metaspace       used 74757K, committed 76288K, reserved 1179648K
  class space    used 7952K, committed 8576K, reserved 1048576K
}
Event: 205.488 GC heap before
{Heap before GC invocations=240 (full 3):
 PSYoungGen      total 5632K, used 5616K [0x00000000d5580000, 0x00000000d5c80000, 0x0000000100000000)
  eden space 5120K, 100% used [0x00000000d5580000,0x00000000d5a80000,0x00000000d5a80000)
  from space 512K, 96% used [0x00000000d5b80000,0x00000000d5bfc010,0x00000000d5c00000)
  to   space 1024K, 0% used [0x00000000d5a80000,0x00000000d5a80000,0x00000000d5b80000)
 ParOldGen       total 179712K, used 179274K [0x0000000080000000, 0x000000008af80000, 0x00000000d5580000)
  object space 179712K, 99% used [0x0000000080000000,0x000000008af12b30,0x000000008af80000)
 Metaspace       used 74761K, committed 76288K, reserved 1179648K
  class space    used 7953K, committed 8576K, reserved 1048576K
}
Event: 205.494 GC heap after
{Heap after GC invocations=240 (full 3):
 PSYoungGen      total 6144K, used 1010K [0x00000000d5580000, 0x00000000d5d80000, 0x0000000100000000)
  eden space 5120K, 0% used [0x00000000d5580000,0x00000000d5580000,0x00000000d5a80000)
  from space 1024K, 98% used [0x00000000d5a80000,0x00000000d5b7cb20,0x00000000d5b80000)
  to   space 1536K, 0% used [0x00000000d5c00000,0x00000000d5c00000,0x00000000d5d80000)
 ParOldGen       total 179712K, used 179702K [0x0000000080000000, 0x000000008af80000, 0x00000000d5580000)
  object space 179712K, 99% used [0x0000000080000000,0x000000008af7d818,0x000000008af80000)
 Metaspace       used 74761K, committed 76288K, reserved 1179648K
  class space    used 7953K, committed 8576K, reserved 1048576K
}
Event: 205.505 GC heap before
{Heap before GC invocations=241 (full 3):
 PSYoungGen      total 6144K, used 6130K [0x00000000d5580000, 0x00000000d5d80000, 0x0000000100000000)
  eden space 5120K, 100% used [0x00000000d5580000,0x00000000d5a80000,0x00000000d5a80000)
  from space 1024K, 98% used [0x00000000d5a80000,0x00000000d5b7cb20,0x00000000d5b80000)
  to   space 1536K, 0% used [0x00000000d5c00000,0x00000000d5c00000,0x00000000d5d80000)
 ParOldGen       total 179712K, used 179702K [0x0000000080000000, 0x000000008af80000, 0x00000000d5580000)
  object space 179712K, 99% used [0x0000000080000000,0x000000008af7d818,0x000000008af80000)
 Metaspace       used 74764K, committed 76288K, reserved 1179648K
  class space    used 7953K, committed 8576K, reserved 1048576K
}
Event: 205.508 GC heap after
{Heap after GC invocations=241 (full 3):
 PSYoungGen      total 5632K, used 448K [0x00000000d5580000, 0x00000000d5c80000, 0x0000000100000000)
  eden space 5120K, 0% used [0x00000000d5580000,0x00000000d5580000,0x00000000d5a80000)
  from space 512K, 87% used [0x00000000d5c00000,0x00000000d5c70000,0x00000000d5c80000)
  to   space 1024K, 0% used [0x00000000d5a80000,0x00000000d5a80000,0x00000000d5b80000)
 ParOldGen       total 180736K, used 180643K [0x0000000080000000, 0x000000008b080000, 0x00000000d5580000)
  object space 180736K, 99% used [0x0000000080000000,0x000000008b068d58,0x000000008b080000)
 Metaspace       used 74764K, committed 76288K, reserved 1179648K
  class space    used 7953K, committed 8576K, reserved 1048576K
}
Event: 205.519 GC heap before
{Heap before GC invocations=242 (full 3):
 PSYoungGen      total 5632K, used 5568K [0x00000000d5580000, 0x00000000d5c80000, 0x0000000100000000)
  eden space 5120K, 100% used [0x00000000d5580000,0x00000000d5a80000,0x00000000d5a80000)
  from space 512K, 87% used [0x00000000d5c00000,0x00000000d5c70000,0x00000000d5c80000)
  to   space 1024K, 0% used [0x00000000d5a80000,0x00000000d5a80000,0x00000000d5b80000)
 ParOldGen       total 180736K, used 180643K [0x0000000080000000, 0x000000008b080000, 0x00000000d5580000)
  object space 180736K, 99% used [0x0000000080000000,0x000000008b068d58,0x000000008b080000)
 Metaspace       used 74764K, committed 76288K, reserved 1179648K
  class space    used 7953K, committed 8576K, reserved 1048576K
}
Event: 205.521 GC heap after
{Heap after GC invocations=242 (full 3):
 PSYoungGen      total 6144K, used 504K [0x00000000d5580000, 0x00000000d5c80000, 0x0000000100000000)
  eden space 5120K, 0% used [0x00000000d5580000,0x00000000d5580000,0x00000000d5a80000)
  from space 1024K, 49% used [0x00000000d5a80000,0x00000000d5afe368,0x00000000d5b80000)
  to   space 1024K, 0% used [0x00000000d5b80000,0x00000000d5b80000,0x00000000d5c80000)
 ParOldGen       total 181248K, used 181001K [0x0000000080000000, 0x000000008b100000, 0x00000000d5580000)
  object space 181248K, 99% used [0x0000000080000000,0x000000008b0c2430,0x000000008b100000)
 Metaspace       used 74764K, committed 76288K, reserved 1179648K
  class space    used 7953K, committed 8576K, reserved 1048576K
}
Event: 205.530 GC heap before
{Heap before GC invocations=243 (full 3):
 PSYoungGen      total 6144K, used 5624K [0x00000000d5580000, 0x00000000d5c80000, 0x0000000100000000)
  eden space 5120K, 100% used [0x00000000d5580000,0x00000000d5a80000,0x00000000d5a80000)
  from space 1024K, 49% used [0x00000000d5a80000,0x00000000d5afe368,0x00000000d5b80000)
  to   space 1024K, 0% used [0x00000000d5b80000,0x00000000d5b80000,0x00000000d5c80000)
 ParOldGen       total 181248K, used 181001K [0x0000000080000000, 0x000000008b100000, 0x00000000d5580000)
  object space 181248K, 99% used [0x0000000080000000,0x000000008b0c2430,0x000000008b100000)
 Metaspace       used 74768K, committed 76288K, reserved 1179648K
  class space    used 7954K, committed 8576K, reserved 1048576K
}
Event: 205.532 GC heap after
{Heap after GC invocations=243 (full 3):
 PSYoungGen      total 6144K, used 684K [0x00000000d5580000, 0x00000000d5c80000, 0x0000000100000000)
  eden space 5120K, 0% used [0x00000000d5580000,0x00000000d5580000,0x00000000d5a80000)
  from space 1024K, 66% used [0x00000000d5b80000,0x00000000d5c2b0a0,0x00000000d5c80000)
  to   space 1024K, 0% used [0x00000000d5a80000,0x00000000d5a80000,0x00000000d5b80000)
 ParOldGen       total 181760K, used 181352K [0x0000000080000000, 0x000000008b180000, 0x00000000d5580000)
  object space 181760K, 99% used [0x0000000080000000,0x000000008b11a240,0x000000008b180000)
 Metaspace       used 74768K, committed 76288K, reserved 1179648K
  class space    used 7954K, committed 8576K, reserved 1048576K
}
Event: 205.542 GC heap before
{Heap before GC invocations=244 (full 3):
 PSYoungGen      total 6144K, used 5804K [0x00000000d5580000, 0x00000000d5c80000, 0x0000000100000000)
  eden space 5120K, 100% used [0x00000000d5580000,0x00000000d5a80000,0x00000000d5a80000)
  from space 1024K, 66% used [0x00000000d5b80000,0x00000000d5c2b0a0,0x00000000d5c80000)
  to   space 1024K, 0% used [0x00000000d5a80000,0x00000000d5a80000,0x00000000d5b80000)
 ParOldGen       total 181760K, used 181352K [0x0000000080000000, 0x000000008b180000, 0x00000000d5580000)
  object space 181760K, 99% used [0x0000000080000000,0x000000008b11a240,0x000000008b180000)
 Metaspace       used 74773K, committed 76288K, reserved 1179648K
  class space    used 7954K, committed 8576K, reserved 1048576K
}
Event: 205.544 GC heap after
{Heap after GC invocations=244 (full 3):
 PSYoungGen      total 6144K, used 533K [0x00000000d5580000, 0x00000000d5c80000, 0x0000000100000000)
  eden space 5120K, 0% used [0x00000000d5580000,0x00000000d5580000,0x00000000d5a80000)
  from space 1024K, 52% used [0x00000000d5a80000,0x00000000d5b057c0,0x00000000d5b80000)
  to   space 1024K, 0% used [0x00000000d5b80000,0x00000000d5b80000,0x00000000d5c80000)
 ParOldGen       total 182272K, used 181875K [0x0000000080000000, 0x000000008b200000, 0x00000000d5580000)
  object space 182272K, 99% used [0x0000000080000000,0x000000008b19cdd8,0x000000008b200000)
 Metaspace       used 74773K, committed 76288K, reserved 1179648K
  class space    used 7954K, committed 8576K, reserved 1048576K
}
Event: 205.562 GC heap before
{Heap before GC invocations=245 (full 3):
 PSYoungGen      total 6144K, used 5653K [0x00000000d5580000, 0x00000000d5c80000, 0x0000000100000000)
  eden space 5120K, 100% used [0x00000000d5580000,0x00000000d5a80000,0x00000000d5a80000)
  from space 1024K, 52% used [0x00000000d5a80000,0x00000000d5b057c0,0x00000000d5b80000)
  to   space 1024K, 0% used [0x00000000d5b80000,0x00000000d5b80000,0x00000000d5c80000)
 ParOldGen       total 182272K, used 181875K [0x0000000080000000, 0x000000008b200000, 0x00000000d5580000)
  object space 182272K, 99% used [0x0000000080000000,0x000000008b19cdd8,0x000000008b200000)
 Metaspace       used 74804K, committed 76288K, reserved 1179648K
  class space    used 7966K, committed 8576K, reserved 1048576K
}
Event: 205.565 GC heap after
{Heap after GC invocations=245 (full 3):
 PSYoungGen      total 6144K, used 617K [0x00000000d5580000, 0x00000000d5c80000, 0x0000000100000000)
  eden space 5120K, 0% used [0x00000000d5580000,0x00000000d5580000,0x00000000d5a80000)
  from space 1024K, 60% used [0x00000000d5b80000,0x00000000d5c1a4c8,0x00000000d5c80000)
  to   space 1024K, 0% used [0x00000000d5a80000,0x00000000d5a80000,0x00000000d5b80000)
 ParOldGen       total 182272K, used 182237K [0x0000000080000000, 0x000000008b200000, 0x00000000d5580000)
  object space 182272K, 99% used [0x0000000080000000,0x000000008b1f74e8,0x000000008b200000)
 Metaspace       used 74804K, committed 76288K, reserved 1179648K
  class space    used 7966K, committed 8576K, reserved 1048576K
}

